<?xml version="1.0" encoding="UTF-8"?>
<testng-results ignored="0" total="1" passed="1" failed="0" skipped="0">
  <reporter-output>
  </reporter-output>
  <suite started-at="2023-07-29T18:05:32 IST" name="Default suite" finished-at="2023-07-29T18:05:48 IST" duration-ms="16220">
    <groups>
    </groups>
    <test started-at="2023-07-29T18:05:32 IST" name="Default test" finished-at="2023-07-29T18:05:48 IST" duration-ms="16220">
      <class name="testClass.NewTest">
        <test-method is-config="true" signature="stepsToLaunch()[pri:0, instance:testClass.NewTest@6580cfdd]" started-at="2023-07-29T18:05:32 IST" name="stepsToLaunch" finished-at="2023-07-29T18:05:40 IST" duration-ms="8102" status="PASS">
          <reporter-output>
          </reporter-output>
        </test-method> <!-- stepsToLaunch -->
        <test-method signature="f()[pri:0, instance:testClass.NewTest@6580cfdd]" started-at="2023-07-29T18:05:40 IST" name="f" finished-at="2023-07-29T18:05:48 IST" duration-ms="8059" status="PASS">
          <reporter-output>
          </reporter-output>
        </test-method> <!-- f -->
      </class> <!-- testClass.NewTest -->
    </test> <!-- Default test -->
  </suite> <!-- Default suite -->
</testng-results>
